#
# There is insufficient memory for the Java Runtime Environment to continue.
# Native memory allocation (malloc) failed to allocate 1057456 bytes. Error detail: Chunk::new
# Possible reasons:
#   The system is out of physical RAM or swap space
#   This process is running with CompressedOops enabled, and the Java Heap may be blocking the growth of the native heap
# Possible solutions:
#   Reduce memory load on the system
#   Increase physical memory or swap space
#   Check if swap backing store is full
#   Decrease Java heap size (-Xmx/-Xms)
#   Decrease number of Java threads
#   Decrease Java thread stack sizes (-Xss)
#   Set larger code cache with -XX:ReservedCodeCacheSize=
#   JVM is running with Unscaled Compressed Oops mode in which the Java heap is
#     placed in the first 4GB address space. The Java Heap base address is the
#     maximum limit for the native heap growth. Please use -XX:HeapBaseMinAddress
#     to set the Java Heap base and to place the Java Heap above 4GB virtual address.
# This output file may be truncated or incomplete.
#
#  Out of Memory Error (arena.cpp:168), pid=17856, tid=24120
#
# JRE version: OpenJDK Runtime Environment Temurin-21.0.8+9 (21.0.8+9) (build 21.0.8+9-LTS)
# Java VM: OpenJDK 64-Bit Server VM Temurin-21.0.8+9 (21.0.8+9-LTS, mixed mode, sharing, tiered, compressed oops, compressed class ptrs, parallel gc, windows-amd64)
# No core dump will be written. Minidumps are not enabled by default on client versions of Windows
#

---------------  S U M M A R Y ------------

Command Line: --add-modules=ALL-SYSTEM --add-opens=java.base/java.util=ALL-UNNAMED --add-opens=java.base/java.lang=ALL-UNNAMED --add-opens=java.base/sun.nio.fs=ALL-UNNAMED -Declipse.application=org.eclipse.jdt.ls.core.id1 -Dosgi.bundles.defaultStartLevel=4 -Declipse.product=org.eclipse.jdt.ls.core.product -Djava.import.generatesMetadataFilesAtProjectRoot=false -DDetectVMInstallationsJob.disabled=true -Dfile.encoding=utf8 -XX:+UseParallelGC -XX:GCTimeRatio=4 -XX:AdaptiveSizePolicyWeight=90 -Dsun.zip.disableMemoryMapping=true -Xmx2G -Xms100m -Xlog:disable -javaagent:c:\Users\vanhi\.vscode\extensions\redhat.java-1.46.0-win32-x64\lombok\lombok-1.18.39-4050.jar -XX:+HeapDumpOnOutOfMemoryError -XX:HeapDumpPath=c:\Users\vanhi\AppData\Roaming\Code\User\workspaceStorage\46211053606f5662924563449c5ce5d1\redhat.java -Daether.dependencyCollector.impl=bf c:\Users\vanhi\.vscode\extensions\redhat.java-1.46.0-win32-x64\server\plugins\org.eclipse.equinox.launcher_1.7.0.v20250519-0528.jar -configuration c:\Users\vanhi\AppData\Roaming\Code\User\globalStorage\redhat.java\1.46.0\config_win -data c:\Users\vanhi\AppData\Roaming\Code\User\workspaceStorage\46211053606f5662924563449c5ce5d1\redhat.java\jdt_ws --pipe=\\.\pipe\lsp-53ae12b214a4580a1f45aee95a18d303-sock

Host: AMD Ryzen 5 5500U with Radeon Graphics         , 12 cores, 7G,  Windows 11 , 64 bit Build 26100 (10.0.26100.5074)
Time: Tue Oct  7 00:02:59 2025 SE Asia Standard Time elapsed time: 84.446676 seconds (0d 0h 1m 24s)

---------------  T H R E A D  ---------------

Current thread (0x0000022d1a16e0e0):  JavaThread "C2 CompilerThread0" daemon [_thread_in_native, id=24120, stack(0x0000007eb6100000,0x0000007eb6200000) (1024K)]


Current CompileTask:
C2:84446 9846       4       org.lombokweb.asm.SymbolTable::<init> (554 bytes)

Stack: [0x0000007eb6100000,0x0000007eb6200000]
Native frames: (J=compiled Java code, j=interpreted, Vv=VM code, C=native code)
V  [jvm.dll+0x6d2449]
V  [jvm.dll+0x8ae341]
V  [jvm.dll+0x8b08be]
V  [jvm.dll+0x8b0fa3]
V  [jvm.dll+0x280c96]
V  [jvm.dll+0xc581d]
V  [jvm.dll+0xc5d53]
V  [jvm.dll+0x2f539d]
V  [jvm.dll+0x5fa00a]
V  [jvm.dll+0x252092]
V  [jvm.dll+0x25244f]
V  [jvm.dll+0x24ad14]
V  [jvm.dll+0x2483a4]
V  [jvm.dll+0x1c89ee]
V  [jvm.dll+0x257d4d]
V  [jvm.dll+0x2562ea]
V  [jvm.dll+0x3f2d16]
V  [jvm.dll+0x857e6b]
V  [jvm.dll+0x6d0b0d]
C  [ucrtbase.dll+0x37b0]
C  [KERNEL32.DLL+0x2e8d7]
C  [ntdll.dll+0x8d9c]


---------------  P R O C E S S  ---------------

Threads class SMR info:
_java_thread_list=0x0000022d7bcfc5f0, length=44, elements={
0x0000022d1a0c6660, 0x0000022d1a06e640, 0x0000022d1a165390, 0x0000022d1a169f40,
0x0000022d1a16aac0, 0x0000022d1a16cc40, 0x0000022d1a16d690, 0x0000022d1a16e0e0,
0x0000022d72e72240, 0x0000022d72f30df0, 0x0000022d73199cf0, 0x0000022d787cc5a0,
0x0000022d787cbf10, 0x0000022d787cb880, 0x0000022d787ccc30, 0x0000022d786c80a0,
0x0000022d786c5940, 0x0000022d786c4c20, 0x0000022d786c4590, 0x0000022d786c31e0,
0x0000022d786c52b0, 0x0000022d786c5fd0, 0x0000022d786c6cf0, 0x0000022d786c3870,
0x0000022d786c8dc0, 0x0000022d786c9ae0, 0x0000022d786c7380, 0x0000022d786c9450,
0x0000022d786ca170, 0x0000022d786ca800, 0x0000022d786c7a10, 0x0000022d786c8730,
0x0000022d7b9cc810, 0x0000022d7b9ce8e0, 0x0000022d7b9cbaf0, 0x0000022d7b9cc180,
0x0000022d7b9ccea0, 0x0000022d7b9cb460, 0x0000022d7b9cef70, 0x0000022d7b9cf600,
0x0000022d7b9cfc90, 0x0000022d78c5ea60, 0x0000022d78c5bc70, 0x0000022d7d87c8e0
}

Java Threads: ( => current thread )
  0x0000022d1a0c6660 JavaThread "main"                              [_thread_blocked, id=24716, stack(0x0000007eb5700000,0x0000007eb5800000) (1024K)]
  0x0000022d1a06e640 JavaThread "Reference Handler"          daemon [_thread_blocked, id=26340, stack(0x0000007eb5b00000,0x0000007eb5c00000) (1024K)]
  0x0000022d1a165390 JavaThread "Finalizer"                  daemon [_thread_blocked, id=4756, stack(0x0000007eb5c00000,0x0000007eb5d00000) (1024K)]
  0x0000022d1a169f40 JavaThread "Signal Dispatcher"          daemon [_thread_blocked, id=7200, stack(0x0000007eb5d00000,0x0000007eb5e00000) (1024K)]
  0x0000022d1a16aac0 JavaThread "Attach Listener"            daemon [_thread_blocked, id=4272, stack(0x0000007eb5e00000,0x0000007eb5f00000) (1024K)]
  0x0000022d1a16cc40 JavaThread "Service Thread"             daemon [_thread_blocked, id=13904, stack(0x0000007eb5f00000,0x0000007eb6000000) (1024K)]
  0x0000022d1a16d690 JavaThread "Monitor Deflation Thread"   daemon [_thread_blocked, id=13120, stack(0x0000007eb6000000,0x0000007eb6100000) (1024K)]
=>0x0000022d1a16e0e0 JavaThread "C2 CompilerThread0"         daemon [_thread_in_native, id=24120, stack(0x0000007eb6100000,0x0000007eb6200000) (1024K)]
  0x0000022d72e72240 JavaThread "C1 CompilerThread0"         daemon [_thread_blocked, id=11600, stack(0x0000007eb6200000,0x0000007eb6300000) (1024K)]
  0x0000022d72f30df0 JavaThread "Common-Cleaner"             daemon [_thread_blocked, id=16860, stack(0x0000007eb6300000,0x0000007eb6400000) (1024K)]
  0x0000022d73199cf0 JavaThread "Notification Thread"        daemon [_thread_blocked, id=12168, stack(0x0000007eb6400000,0x0000007eb6500000) (1024K)]
  0x0000022d787cc5a0 JavaThread "Active Thread: Equinox Container: bfc272cb-42ea-4b16-ae85-a5f282746ace"        [_thread_blocked, id=10704, stack(0x0000007eb7200000,0x0000007eb7300000) (1024K)]
  0x0000022d787cbf10 JavaThread "Framework Event Dispatcher: Equinox Container: bfc272cb-42ea-4b16-ae85-a5f282746ace" daemon [_thread_blocked, id=14536, stack(0x0000007eb6c00000,0x0000007eb6d00000) (1024K)]
  0x0000022d787cb880 JavaThread "Start Level: Equinox Container: bfc272cb-42ea-4b16-ae85-a5f282746ace" daemon [_thread_blocked, id=22584, stack(0x0000007eb6d00000,0x0000007eb6e00000) (1024K)]
  0x0000022d787ccc30 JavaThread "Refresh Thread: Equinox Container: bfc272cb-42ea-4b16-ae85-a5f282746ace" daemon [_thread_blocked, id=17156, stack(0x0000007eb6f00000,0x0000007eb7000000) (1024K)]
  0x0000022d786c80a0 JavaThread "Bundle File Closer"         daemon [_thread_blocked, id=21272, stack(0x0000007eb6e00000,0x0000007eb6f00000) (1024K)]
  0x0000022d786c5940 JavaThread "SCR Component Actor"        daemon [_thread_blocked, id=20096, stack(0x0000007eb7000000,0x0000007eb7100000) (1024K)]
  0x0000022d786c4c20 JavaThread "Worker-JM"                         [_thread_blocked, id=3436, stack(0x0000007eb7100000,0x0000007eb7200000) (1024K)]
  0x0000022d786c4590 JavaThread "JNA Cleaner"                daemon [_thread_blocked, id=23388, stack(0x0000007eb7400000,0x0000007eb7500000) (1024K)]
  0x0000022d786c31e0 JavaThread "Worker-0: Java indexing... "        [_thread_blocked, id=3496, stack(0x0000007eb7500000,0x0000007eb7600000) (1024K)]
  0x0000022d786c52b0 JavaThread "Worker-1"                          [_thread_blocked, id=12868, stack(0x0000007eb7600000,0x0000007eb7700000) (1024K)]
  0x0000022d786c5fd0 JavaThread "Worker-2: Update Maven project configuration"        [_thread_in_Java, id=14276, stack(0x0000007eb7800000,0x0000007eb7900000) (1024K)]
  0x0000022d786c6cf0 JavaThread "Java indexing"              daemon [_thread_in_native, id=20072, stack(0x0000007eb7900000,0x0000007eb7a00000) (1024K)]
  0x0000022d786c3870 JavaThread "Worker-3: Refreshing workspace"        [_thread_blocked, id=25964, stack(0x0000007eb7d00000,0x0000007eb7e00000) (1024K)]
  0x0000022d786c8dc0 JavaThread "Worker-4"                          [_thread_blocked, id=14944, stack(0x0000007eb8000000,0x0000007eb8100000) (1024K)]
  0x0000022d786c9ae0 JavaThread "Thread-1"                   daemon [_thread_in_native, id=2196, stack(0x0000007eb8100000,0x0000007eb8200000) (1024K)]
  0x0000022d786c7380 JavaThread "Thread-2"                   daemon [_thread_in_native, id=20232, stack(0x0000007eb8200000,0x0000007eb8300000) (1024K)]
  0x0000022d786c9450 JavaThread "Thread-3"                   daemon [_thread_in_native, id=14228, stack(0x0000007eb8300000,0x0000007eb8400000) (1024K)]
  0x0000022d786ca170 JavaThread "Thread-4"                   daemon [_thread_in_native, id=26052, stack(0x0000007eb8400000,0x0000007eb8500000) (1024K)]
  0x0000022d786ca800 JavaThread "Thread-5"                   daemon [_thread_in_native, id=8288, stack(0x0000007eb8500000,0x0000007eb8600000) (1024K)]
  0x0000022d786c7a10 JavaThread "Thread-6"                   daemon [_thread_in_native, id=24244, stack(0x0000007eb8600000,0x0000007eb8700000) (1024K)]
  0x0000022d786c8730 JavaThread "Thread-7"                   daemon [_thread_in_native, id=16320, stack(0x0000007eb8700000,0x0000007eb8800000) (1024K)]
  0x0000022d7b9cc810 JavaThread "Thread-8"                   daemon [_thread_in_native, id=8184, stack(0x0000007eb8800000,0x0000007eb8900000) (1024K)]
  0x0000022d7b9ce8e0 JavaThread "Thread-9"                   daemon [_thread_in_native, id=1120, stack(0x0000007eb8900000,0x0000007eb8a00000) (1024K)]
  0x0000022d7b9cbaf0 JavaThread "Thread-10"                  daemon [_thread_in_native, id=2768, stack(0x0000007eb8a00000,0x0000007eb8b00000) (1024K)]
  0x0000022d7b9cc180 JavaThread "Thread-11"                  daemon [_thread_in_native, id=15108, stack(0x0000007eb8b00000,0x0000007eb8c00000) (1024K)]
  0x0000022d7b9ccea0 JavaThread "Thread-12"                  daemon [_thread_in_native, id=18040, stack(0x0000007eb8c00000,0x0000007eb8d00000) (1024K)]
  0x0000022d7b9cb460 JavaThread "Thread-13"                  daemon [_thread_in_native, id=6936, stack(0x0000007eb8d00000,0x0000007eb8e00000) (1024K)]
  0x0000022d7b9cef70 JavaThread "pool-2-thread-1"                   [_thread_blocked, id=24088, stack(0x0000007eb8e00000,0x0000007eb8f00000) (1024K)]
  0x0000022d7b9cf600 JavaThread "WorkspaceEventsHandler"            [_thread_blocked, id=19332, stack(0x0000007eb8f00000,0x0000007eb9000000) (1024K)]
  0x0000022d7b9cfc90 JavaThread "pool-1-thread-1"                   [_thread_in_native, id=14268, stack(0x0000007eb9000000,0x0000007eb9100000) (1024K)]
  0x0000022d78c5ea60 JavaThread "Worker-5"                          [_thread_blocked, id=4672, stack(0x0000007eb7300000,0x0000007eb7400000) (1024K)]
  0x0000022d78c5bc70 JavaThread "Worker-6: Initialize workspace"        [_thread_blocked, id=9508, stack(0x0000007eb7700000,0x0000007eb7800000) (1024K)]
  0x0000022d7d87c8e0 JavaThread "C2 CompilerThread1"         daemon [_thread_in_native, id=2880, stack(0x0000007eb5500000,0x0000007eb5600000) (1024K)]
Total: 44

Other Threads:
  0x0000022d17d25180 VMThread "VM Thread"                           [id=7108, stack(0x0000007eb5a00000,0x0000007eb5b00000) (1024K)]
  0x0000022d19f4ca00 WatcherThread "VM Periodic Task Thread"        [id=25992, stack(0x0000007eb5900000,0x0000007eb5a00000) (1024K)]
  0x0000022d17d24300 WorkerThread "GC Thread#0"                     [id=24672, stack(0x0000007eb5800000,0x0000007eb5900000) (1024K)]
  0x0000022d17d24a40 WorkerThread "GC Thread#1"                     [id=17696, stack(0x0000007eb6600000,0x0000007eb6700000) (1024K)]
  0x0000022d17d23820 WorkerThread "GC Thread#2"                     [id=19388, stack(0x0000007eb6700000,0x0000007eb6800000) (1024K)]
  0x0000022d17d23bc0 WorkerThread "GC Thread#3"                     [id=8284, stack(0x0000007eb6800000,0x0000007eb6900000) (1024K)]
  0x0000022d780ff360 WorkerThread "GC Thread#4"                     [id=24212, stack(0x0000007eb6900000,0x0000007eb6a00000) (1024K)]
  0x0000022d78100920 WorkerThread "GC Thread#5"                     [id=18480, stack(0x0000007eb6a00000,0x0000007eb6b00000) (1024K)]
  0x0000022d780fdda0 WorkerThread "GC Thread#6"                     [id=18880, stack(0x0000007eb6b00000,0x0000007eb6c00000) (1024K)]
  0x0000022d780fd660 WorkerThread "GC Thread#7"                     [id=3376, stack(0x0000007eb6500000,0x0000007eb6600000) (1024K)]
  0x0000022d780ffe40 WorkerThread "GC Thread#8"                     [id=18352, stack(0x0000007eb7e00000,0x0000007eb7f00000) (1024K)]
  0x0000022d780fe4e0 WorkerThread "GC Thread#9"                     [id=5584, stack(0x0000007eb7f00000,0x0000007eb8000000) (1024K)]
Total: 12

Threads with active compile tasks:
C2 CompilerThread0  84522 9846       4       org.lombokweb.asm.SymbolTable::<init> (554 bytes)
C2 CompilerThread1  84522 9847       4       org.lombokweb.asm.ClassVisitor::visitMethod (24 bytes)
Total: 2

VM state: not at safepoint (normal execution)

VM Mutex/Monitor currently owned by a thread: None

Heap address: 0x0000000080000000, size: 2048 MB, Compressed Oops mode: 32-bit

CDS archive(s) mapped at: [0x0000022d31000000-0x0000022d31ba0000-0x0000022d31ba0000), size 12189696, SharedBaseAddress: 0x0000022d31000000, ArchiveRelocationMode: 1.
Compressed class space mapped at: 0x0000022d32000000-0x0000022d72000000, reserved size: 1073741824
Narrow klass base: 0x0000022d31000000, Narrow klass shift: 0, Narrow klass range: 0x100000000

GC Precious Log:
 CardTable entry size: 512
 CPUs: 12 total, 12 available
 Memory: 7579M
 Large Page Support: Disabled
 NUMA Support: Disabled
 Compressed Oops: Enabled (32-bit)
 Alignments: Space 512K, Generation 512K, Heap 2M
 Heap Min Capacity: 100M
 Heap Initial Capacity: 100M
 Heap Max Capacity: 2G
 Pre-touch: Disabled
 Parallel Workers: 10

Heap:
 PSYoungGen      total 18944K, used 14620K [0x00000000d5580000, 0x00000000d6b00000, 0x0000000100000000)
  eden space 17920K, 76% used [0x00000000d5580000,0x00000000d62d0e10,0x00000000d6700000)
  from space 1024K, 98% used [0x00000000d6800000,0x00000000d68fd2e0,0x00000000d6900000)
  to   space 2048K, 0% used [0x00000000d6900000,0x00000000d6900000,0x00000000d6b00000)
 ParOldGen       total 71168K, used 70766K [0x0000000080000000, 0x0000000084580000, 0x00000000d5580000)
  object space 71168K, 99% used [0x0000000080000000,0x000000008451b928,0x0000000084580000)
 Metaspace       used 63196K, committed 64576K, reserved 1114112K
  class space    used 6811K, committed 7424K, reserved 1048576K

Card table byte_map: [0x0000022d19a60000,0x0000022d19e70000] _byte_map_base: 0x0000022d19660000

Marking Bits: (ParMarkBitMap*) 0x00007ffdd2fca340
 Begin Bits: [0x0000022d2c560000, 0x0000022d2e560000)
 End Bits:   [0x0000022d2e560000, 0x0000022d30560000)

Polling page: 0x0000022d17ea0000

Metaspace:

Usage:
  Non-class:     55.07 MB used.
      Class:      6.65 MB used.
       Both:     61.72 MB used.

Virtual space:
  Non-class space:       64.00 MB reserved,      55.81 MB ( 87%) committed,  1 nodes.
      Class space:        1.00 GB reserved,       7.25 MB ( <1%) committed,  1 nodes.
             Both:        1.06 GB reserved,      63.06 MB (  6%) committed. 

Chunk freelists:
   Non-Class:  7.86 MB
       Class:  8.61 MB
        Both:  16.47 MB

MaxMetaspaceSize: unlimited
CompressedClassSpaceSize: 1.00 GB
Initial GC threshold: 21.00 MB
Current GC threshold: 97.31 MB
CDS: on
 - commit_granule_bytes: 65536.
 - commit_granule_words: 8192.
 - virtual_space_node_default_size: 8388608.
 - enlarge_chunks_in_place: 1.
 - use_allocation_guard: 0.


Internal statistics:

num_allocs_failed_limit: 11.
num_arena_births: 1076.
num_arena_deaths: 14.
num_vsnodes_births: 2.
num_vsnodes_deaths: 0.
num_space_committed: 1009.
num_space_uncommitted: 0.
num_chunks_returned_to_freelist: 25.
num_chunks_taken_from_freelist: 3885.
num_chunk_merges: 15.
num_chunk_splits: 2338.
num_chunks_enlarged: 1244.
num_inconsistent_stats: 0.

CodeHeap 'non-profiled nmethods': size=120000Kb used=5971Kb max_used=5971Kb free=114029Kb
 bounds [0x0000022d24d80000, 0x0000022d25360000, 0x0000022d2c2b0000]
CodeHeap 'profiled nmethods': size=120000Kb used=19537Kb max_used=19537Kb free=100462Kb
 bounds [0x0000022d1d2b0000, 0x0000022d1e5d0000, 0x0000022d247e0000]
CodeHeap 'non-nmethods': size=5760Kb used=1456Kb max_used=1525Kb free=4303Kb
 bounds [0x0000022d247e0000, 0x0000022d24a50000, 0x0000022d24d80000]
CodeCache: size=245760Kb, used=26964Kb, max_used=27033Kb, free=218794Kb
 total_blobs=9812, nmethods=9043, adapters=675, full_count=0
Compilation: enabled, stopped_count=0, restarted_count=0

Compilation events (20 events):
Event: 83.350 Thread 0x0000022d72e72240 9935       3       java.util.IdentityHashMap$IdentityHashMapIterator::<init> (63 bytes)
Event: 83.351 Thread 0x0000022d72e72240 nmethod 9935 0x0000022d1e5ba710 code [0x0000022d1e5ba8c0, 0x0000022d1e5baae0]
Event: 83.360 Thread 0x0000022d72e72240 9937       3       org.eclipse.sisu.inject.RankedSequence::insert (44 bytes)
Event: 83.361 Thread 0x0000022d72e72240 nmethod 9937 0x0000022d1e5bac10 code [0x0000022d1e5bae00, 0x0000022d1e5bb160]
Event: 83.362 Thread 0x0000022d72e72240 9936       3       org.eclipse.sisu.inject.Implementations::adaptJsr250 (39 bytes)
Event: 83.363 Thread 0x0000022d72e72240 nmethod 9936 0x0000022d1e5bb310 code [0x0000022d1e5bb540, 0x0000022d1e5bbce8]
Event: 83.369 Thread 0x0000022d7d87c8e0 nmethod 9849 0x0000022d2534d990 code [0x0000022d2534de80, 0x0000022d2534f8e0]
Event: 83.369 Thread 0x0000022d7d87c8e0 9930       4       org.codehaus.plexus.util.xml.pull.MXParser::nextImpl (1208 bytes)
Event: 83.428 Thread 0x0000022d7d87c8e0 nmethod 9930 0x0000022d25350c90 code [0x0000022d25351080, 0x0000022d25352320]
Event: 83.428 Thread 0x0000022d7d87c8e0 9866       4       com.google.inject.spi.InjectionPoint::getAtInject (26 bytes)
Event: 83.430 Thread 0x0000022d7d87c8e0 nmethod 9866 0x0000022d25353310 code [0x0000022d253534e0, 0x0000022d25353658]
Event: 83.430 Thread 0x0000022d7d87c8e0 9850       4       org.lombokweb.asm.SymbolTable::addConstantUtf8Reference (20 bytes)
Event: 83.435 Thread 0x0000022d7d87c8e0 nmethod 9850 0x0000022d25353810 code [0x0000022d253539c0, 0x0000022d25353c80]
Event: 83.435 Thread 0x0000022d7d87c8e0 9934       4       java.util.regex.Pattern$Node::<init> (12 bytes)
Event: 83.436 Thread 0x0000022d7d87c8e0 nmethod 9934 0x0000022d25353f10 code [0x0000022d253540a0, 0x0000022d25354148]
Event: 83.436 Thread 0x0000022d7d87c8e0 9848       4       org.lombokweb.asm.MethodWriter::hasFrames (13 bytes)
Event: 83.437 Thread 0x0000022d7d87c8e0 nmethod 9848 0x0000022d25354210 code [0x0000022d253543a0, 0x0000022d25354438]
Event: 83.437 Thread 0x0000022d7d87c8e0 9908       4       java.util.ArrayDeque::pop (5 bytes)
Event: 83.439 Thread 0x0000022d7d87c8e0 nmethod 9908 0x0000022d25354510 code [0x0000022d253546a0, 0x0000022d253547a8]
Event: 83.439 Thread 0x0000022d7d87c8e0 9847       4       org.lombokweb.asm.ClassVisitor::visitMethod (24 bytes)

GC Heap History (20 events):
Event: 74.542 GC heap before
{Heap before GC invocations=55 (full 3):
 PSYoungGen      total 19456K, used 18655K [0x00000000d5580000, 0x00000000d6a00000, 0x0000000100000000)
  eden space 17920K, 100% used [0x00000000d5580000,0x00000000d6700000,0x00000000d6700000)
  from space 1536K, 47% used [0x00000000d6780000,0x00000000d6837dd0,0x00000000d6900000)
  to   space 1024K, 0% used [0x00000000d6900000,0x00000000d6900000,0x00000000d6a00000)
 ParOldGen       total 68608K, used 63016K [0x0000000080000000, 0x0000000084300000, 0x00000000d5580000)
  object space 68608K, 91% used [0x0000000080000000,0x0000000083d8a1e0,0x0000000084300000)
 Metaspace       used 60296K, committed 61632K, reserved 1114112K
  class space    used 6524K, committed 7104K, reserved 1048576K
}
Event: 74.548 GC heap after
{Heap after GC invocations=55 (full 3):
 PSYoungGen      total 18944K, used 545K [0x00000000d5580000, 0x00000000d6a00000, 0x0000000100000000)
  eden space 17920K, 0% used [0x00000000d5580000,0x00000000d5580000,0x00000000d6700000)
  from space 1024K, 53% used [0x00000000d6900000,0x00000000d6988430,0x00000000d6a00000)
  to   space 1024K, 0% used [0x00000000d6800000,0x00000000d6800000,0x00000000d6900000)
 ParOldGen       total 68608K, used 63613K [0x0000000080000000, 0x0000000084300000, 0x00000000d5580000)
  object space 68608K, 92% used [0x0000000080000000,0x0000000083e1f410,0x0000000084300000)
 Metaspace       used 60296K, committed 61632K, reserved 1114112K
  class space    used 6524K, committed 7104K, reserved 1048576K
}
Event: 76.505 GC heap before
{Heap before GC invocations=56 (full 3):
 PSYoungGen      total 18944K, used 18464K [0x00000000d5580000, 0x00000000d6a00000, 0x0000000100000000)
  eden space 17920K, 99% used [0x00000000d5580000,0x00000000d66fffb8,0x00000000d6700000)
  from space 1024K, 53% used [0x00000000d6900000,0x00000000d6988430,0x00000000d6a00000)
  to   space 1024K, 0% used [0x00000000d6800000,0x00000000d6800000,0x00000000d6900000)
 ParOldGen       total 68608K, used 63613K [0x0000000080000000, 0x0000000084300000, 0x00000000d5580000)
  object space 68608K, 92% used [0x0000000080000000,0x0000000083e1f410,0x0000000084300000)
 Metaspace       used 60620K, committed 61952K, reserved 1114112K
  class space    used 6553K, committed 7168K, reserved 1048576K
}
Event: 76.516 GC heap after
{Heap after GC invocations=56 (full 3):
 PSYoungGen      total 18944K, used 1024K [0x00000000d5580000, 0x00000000d7000000, 0x0000000100000000)
  eden space 17920K, 0% used [0x00000000d5580000,0x00000000d5580000,0x00000000d6700000)
  from space 1024K, 100% used [0x00000000d6800000,0x00000000d6900000,0x00000000d6900000)
  to   space 4608K, 0% used [0x00000000d6b80000,0x00000000d6b80000,0x00000000d7000000)
 ParOldGen       total 68608K, used 66294K [0x0000000080000000, 0x0000000084300000, 0x00000000d5580000)
  object space 68608K, 96% used [0x0000000080000000,0x00000000840bd8e8,0x0000000084300000)
 Metaspace       used 60620K, committed 61952K, reserved 1114112K
  class space    used 6553K, committed 7168K, reserved 1048576K
}
Event: 77.172 GC heap before
{Heap before GC invocations=57 (full 3):
 PSYoungGen      total 18944K, used 18944K [0x00000000d5580000, 0x00000000d7000000, 0x0000000100000000)
  eden space 17920K, 100% used [0x00000000d5580000,0x00000000d6700000,0x00000000d6700000)
  from space 1024K, 100% used [0x00000000d6800000,0x00000000d6900000,0x00000000d6900000)
  to   space 4608K, 0% used [0x00000000d6b80000,0x00000000d6b80000,0x00000000d7000000)
 ParOldGen       total 68608K, used 66294K [0x0000000080000000, 0x0000000084300000, 0x00000000d5580000)
  object space 68608K, 96% used [0x0000000080000000,0x00000000840bd8e8,0x0000000084300000)
 Metaspace       used 60625K, committed 61952K, reserved 1114112K
  class space    used 6553K, committed 7168K, reserved 1048576K
}
Event: 77.176 GC heap after
{Heap after GC invocations=57 (full 3):
 PSYoungGen      total 18944K, used 599K [0x00000000d5580000, 0x00000000d6c80000, 0x0000000100000000)
  eden space 17920K, 0% used [0x00000000d5580000,0x00000000d5580000,0x00000000d6700000)
  from space 1024K, 58% used [0x00000000d6b80000,0x00000000d6c15c18,0x00000000d6c80000)
  to   space 2048K, 0% used [0x00000000d6880000,0x00000000d6880000,0x00000000d6a80000)
 ParOldGen       total 68608K, used 67364K [0x0000000080000000, 0x0000000084300000, 0x00000000d5580000)
  object space 68608K, 98% used [0x0000000080000000,0x00000000841c9118,0x0000000084300000)
 Metaspace       used 60625K, committed 61952K, reserved 1114112K
  class space    used 6553K, committed 7168K, reserved 1048576K
}
Event: 77.768 GC heap before
{Heap before GC invocations=58 (full 3):
 PSYoungGen      total 18944K, used 18519K [0x00000000d5580000, 0x00000000d6c80000, 0x0000000100000000)
  eden space 17920K, 100% used [0x00000000d5580000,0x00000000d6700000,0x00000000d6700000)
  from space 1024K, 58% used [0x00000000d6b80000,0x00000000d6c15c18,0x00000000d6c80000)
  to   space 2048K, 0% used [0x00000000d6880000,0x00000000d6880000,0x00000000d6a80000)
 ParOldGen       total 68608K, used 67364K [0x0000000080000000, 0x0000000084300000, 0x00000000d5580000)
  object space 68608K, 98% used [0x0000000080000000,0x00000000841c9118,0x0000000084300000)
 Metaspace       used 60629K, committed 61952K, reserved 1114112K
  class space    used 6554K, committed 7168K, reserved 1048576K
}
Event: 77.772 GC heap after
{Heap after GC invocations=58 (full 3):
 PSYoungGen      total 19456K, used 1379K [0x00000000d5580000, 0x00000000d6c00000, 0x0000000100000000)
  eden space 17920K, 0% used [0x00000000d5580000,0x00000000d5580000,0x00000000d6700000)
  from space 1536K, 89% used [0x00000000d6880000,0x00000000d69d8e88,0x00000000d6a00000)
  to   space 2048K, 0% used [0x00000000d6a00000,0x00000000d6a00000,0x00000000d6c00000)
 ParOldGen       total 68608K, used 67851K [0x0000000080000000, 0x0000000084300000, 0x00000000d5580000)
  object space 68608K, 98% used [0x0000000080000000,0x0000000084242d30,0x0000000084300000)
 Metaspace       used 60629K, committed 61952K, reserved 1114112K
  class space    used 6554K, committed 7168K, reserved 1048576K
}
Event: 78.857 GC heap before
{Heap before GC invocations=59 (full 3):
 PSYoungGen      total 19456K, used 19299K [0x00000000d5580000, 0x00000000d6c00000, 0x0000000100000000)
  eden space 17920K, 100% used [0x00000000d5580000,0x00000000d6700000,0x00000000d6700000)
  from space 1536K, 89% used [0x00000000d6880000,0x00000000d69d8e88,0x00000000d6a00000)
  to   space 2048K, 0% used [0x00000000d6a00000,0x00000000d6a00000,0x00000000d6c00000)
 ParOldGen       total 68608K, used 67851K [0x0000000080000000, 0x0000000084300000, 0x00000000d5580000)
  object space 68608K, 98% used [0x0000000080000000,0x0000000084242d30,0x0000000084300000)
 Metaspace       used 60633K, committed 61952K, reserved 1114112K
  class space    used 6554K, committed 7168K, reserved 1048576K
}
Event: 78.861 GC heap after
{Heap after GC invocations=59 (full 3):
 PSYoungGen      total 18432K, used 453K [0x00000000d5580000, 0x00000000d6a80000, 0x0000000100000000)
  eden space 17920K, 0% used [0x00000000d5580000,0x00000000d5580000,0x00000000d6700000)
  from space 512K, 88% used [0x00000000d6a00000,0x00000000d6a71758,0x00000000d6a80000)
  to   space 1024K, 0% used [0x00000000d6880000,0x00000000d6880000,0x00000000d6980000)
 ParOldGen       total 69632K, used 69072K [0x0000000080000000, 0x0000000084400000, 0x00000000d5580000)
  object space 69632K, 99% used [0x0000000080000000,0x00000000843741a8,0x0000000084400000)
 Metaspace       used 60633K, committed 61952K, reserved 1114112K
  class space    used 6554K, committed 7168K, reserved 1048576K
}
Event: 79.430 GC heap before
{Heap before GC invocations=60 (full 3):
 PSYoungGen      total 18432K, used 18373K [0x00000000d5580000, 0x00000000d6a80000, 0x0000000100000000)
  eden space 17920K, 100% used [0x00000000d5580000,0x00000000d6700000,0x00000000d6700000)
  from space 512K, 88% used [0x00000000d6a00000,0x00000000d6a71758,0x00000000d6a80000)
  to   space 1024K, 0% used [0x00000000d6880000,0x00000000d6880000,0x00000000d6980000)
 ParOldGen       total 69632K, used 69072K [0x0000000080000000, 0x0000000084400000, 0x00000000d5580000)
  object space 69632K, 99% used [0x0000000080000000,0x00000000843741a8,0x0000000084400000)
 Metaspace       used 60648K, committed 61952K, reserved 1114112K
  class space    used 6554K, committed 7168K, reserved 1048576K
}
Event: 79.432 GC heap after
{Heap after GC invocations=60 (full 3):
 PSYoungGen      total 18944K, used 673K [0x00000000d5580000, 0x00000000d6a80000, 0x0000000100000000)
  eden space 17920K, 0% used [0x00000000d5580000,0x00000000d5580000,0x00000000d6700000)
  from space 1024K, 65% used [0x00000000d6880000,0x00000000d6928690,0x00000000d6980000)
  to   space 1024K, 0% used [0x00000000d6980000,0x00000000d6980000,0x00000000d6a80000)
 ParOldGen       total 69632K, used 69299K [0x0000000080000000, 0x0000000084400000, 0x00000000d5580000)
  object space 69632K, 99% used [0x0000000080000000,0x00000000843acc70,0x0000000084400000)
 Metaspace       used 60648K, committed 61952K, reserved 1114112K
  class space    used 6554K, committed 7168K, reserved 1048576K
}
Event: 80.122 GC heap before
{Heap before GC invocations=61 (full 3):
 PSYoungGen      total 18944K, used 18593K [0x00000000d5580000, 0x00000000d6a80000, 0x0000000100000000)
  eden space 17920K, 100% used [0x00000000d5580000,0x00000000d6700000,0x00000000d6700000)
  from space 1024K, 65% used [0x00000000d6880000,0x00000000d6928690,0x00000000d6980000)
  to   space 1024K, 0% used [0x00000000d6980000,0x00000000d6980000,0x00000000d6a80000)
 ParOldGen       total 69632K, used 69299K [0x0000000080000000, 0x0000000084400000, 0x00000000d5580000)
  object space 69632K, 99% used [0x0000000080000000,0x00000000843acc70,0x0000000084400000)
 Metaspace       used 60648K, committed 61952K, reserved 1114112K
  class space    used 6554K, committed 7168K, reserved 1048576K
}
Event: 80.124 GC heap after
{Heap after GC invocations=61 (full 3):
 PSYoungGen      total 18432K, used 465K [0x00000000d5580000, 0x00000000d6a00000, 0x0000000100000000)
  eden space 17920K, 0% used [0x00000000d5580000,0x00000000d5580000,0x00000000d6700000)
  from space 512K, 90% used [0x00000000d6980000,0x00000000d69f4770,0x00000000d6a00000)
  to   space 1024K, 0% used [0x00000000d6800000,0x00000000d6800000,0x00000000d6900000)
 ParOldGen       total 70144K, used 69871K [0x0000000080000000, 0x0000000084480000, 0x00000000d5580000)
  object space 70144K, 99% used [0x0000000080000000,0x000000008443bd20,0x0000000084480000)
 Metaspace       used 60648K, committed 61952K, reserved 1114112K
  class space    used 6554K, committed 7168K, reserved 1048576K
}
Event: 80.699 GC heap before
{Heap before GC invocations=62 (full 3):
 PSYoungGen      total 18432K, used 18385K [0x00000000d5580000, 0x00000000d6a00000, 0x0000000100000000)
  eden space 17920K, 99% used [0x00000000d5580000,0x00000000d66ffff0,0x00000000d6700000)
  from space 512K, 90% used [0x00000000d6980000,0x00000000d69f4770,0x00000000d6a00000)
  to   space 1024K, 0% used [0x00000000d6800000,0x00000000d6800000,0x00000000d6900000)
 ParOldGen       total 70144K, used 69871K [0x0000000080000000, 0x0000000084480000, 0x00000000d5580000)
  object space 70144K, 99% used [0x0000000080000000,0x000000008443bd20,0x0000000084480000)
 Metaspace       used 60654K, committed 61952K, reserved 1114112K
  class space    used 6554K, committed 7168K, reserved 1048576K
}
Event: 80.701 GC heap after
{Heap after GC invocations=62 (full 3):
 PSYoungGen      total 18944K, used 384K [0x00000000d5580000, 0x00000000d6a00000, 0x0000000100000000)
  eden space 17920K, 0% used [0x00000000d5580000,0x00000000d5580000,0x00000000d6700000)
  from space 1024K, 37% used [0x00000000d6800000,0x00000000d6860000,0x00000000d6900000)
  to   space 512K, 0% used [0x00000000d6980000,0x00000000d6980000,0x00000000d6a00000)
 ParOldGen       total 70144K, used 70092K [0x0000000080000000, 0x0000000084480000, 0x00000000d5580000)
  object space 70144K, 99% used [0x0000000080000000,0x0000000084473280,0x0000000084480000)
 Metaspace       used 60654K, committed 61952K, reserved 1114112K
  class space    used 6554K, committed 7168K, reserved 1048576K
}
Event: 81.160 GC heap before
{Heap before GC invocations=63 (full 3):
 PSYoungGen      total 18944K, used 18304K [0x00000000d5580000, 0x00000000d6a00000, 0x0000000100000000)
  eden space 17920K, 100% used [0x00000000d5580000,0x00000000d6700000,0x00000000d6700000)
  from space 1024K, 37% used [0x00000000d6800000,0x00000000d6860000,0x00000000d6900000)
  to   space 512K, 0% used [0x00000000d6980000,0x00000000d6980000,0x00000000d6a00000)
 ParOldGen       total 70144K, used 70092K [0x0000000080000000, 0x0000000084480000, 0x00000000d5580000)
  object space 70144K, 99% used [0x0000000080000000,0x0000000084473280,0x0000000084480000)
 Metaspace       used 60654K, committed 61952K, reserved 1114112K
  class space    used 6554K, committed 7168K, reserved 1048576K
}
Event: 81.162 GC heap after
{Heap after GC invocations=63 (full 3):
 PSYoungGen      total 18432K, used 500K [0x00000000d5580000, 0x00000000d6a00000, 0x0000000100000000)
  eden space 17920K, 0% used [0x00000000d5580000,0x00000000d5580000,0x00000000d6700000)
  from space 512K, 97% used [0x00000000d6980000,0x00000000d69fd180,0x00000000d6a00000)
  to   space 1024K, 0% used [0x00000000d6800000,0x00000000d6800000,0x00000000d6900000)
 ParOldGen       total 70656K, used 70313K [0x0000000080000000, 0x0000000084500000, 0x00000000d5580000)
  object space 70656K, 99% used [0x0000000080000000,0x00000000844aa6d0,0x0000000084500000)
 Metaspace       used 60654K, committed 61952K, reserved 1114112K
  class space    used 6554K, committed 7168K, reserved 1048576K
}
Event: 82.063 GC heap before
{Heap before GC invocations=64 (full 3):
 PSYoungGen      total 18432K, used 18420K [0x00000000d5580000, 0x00000000d6a00000, 0x0000000100000000)
  eden space 17920K, 99% used [0x00000000d5580000,0x00000000d66ffff0,0x00000000d6700000)
  from space 512K, 97% used [0x00000000d6980000,0x00000000d69fd180,0x00000000d6a00000)
  to   space 1024K, 0% used [0x00000000d6800000,0x00000000d6800000,0x00000000d6900000)
 ParOldGen       total 70656K, used 70313K [0x0000000080000000, 0x0000000084500000, 0x00000000d5580000)
  object space 70656K, 99% used [0x0000000080000000,0x00000000844aa6d0,0x0000000084500000)
 Metaspace       used 61785K, committed 63104K, reserved 1114112K
  class space    used 6647K, committed 7232K, reserved 1048576K
}
Event: 83.075 GC heap after
{Heap after GC invocations=64 (full 3):
 PSYoungGen      total 18944K, used 1012K [0x00000000d5580000, 0x00000000d6b00000, 0x0000000100000000)
  eden space 17920K, 0% used [0x00000000d5580000,0x00000000d5580000,0x00000000d6700000)
  from space 1024K, 98% used [0x00000000d6800000,0x00000000d68fd2e0,0x00000000d6900000)
  to   space 2048K, 0% used [0x00000000d6900000,0x00000000d6900000,0x00000000d6b00000)
 ParOldGen       total 71168K, used 70766K [0x0000000080000000, 0x0000000084580000, 0x00000000d5580000)
  object space 71168K, 99% used [0x0000000080000000,0x000000008451b928,0x0000000084580000)
 Metaspace       used 61785K, committed 63104K, reserved 1114112K
  class space    used 6647K, committed 7232K, reserved 1048576K
}

Dll operation events (12 events):
Event: 0.048 Loaded shared library c:\Users\vanhi\.vscode\extensions\redhat.java-1.46.0-win32-x64\jre\21.0.8-win32-x86_64\bin\java.dll
Event: 0.502 Loaded shared library c:\Users\vanhi\.vscode\extensions\redhat.java-1.46.0-win32-x64\jre\21.0.8-win32-x86_64\bin\zip.dll
Event: 0.572 Loaded shared library C:\Users\vanhi\.vscode\extensions\redhat.java-1.46.0-win32-x64\jre\21.0.8-win32-x86_64\bin\instrument.dll
Event: 0.586 Loaded shared library C:\Users\vanhi\.vscode\extensions\redhat.java-1.46.0-win32-x64\jre\21.0.8-win32-x86_64\bin\net.dll
Event: 0.619 Loaded shared library C:\Users\vanhi\.vscode\extensions\redhat.java-1.46.0-win32-x64\jre\21.0.8-win32-x86_64\bin\nio.dll
Event: 0.632 Loaded shared library C:\Users\vanhi\.vscode\extensions\redhat.java-1.46.0-win32-x64\jre\21.0.8-win32-x86_64\bin\zip.dll
Event: 0.726 Loaded shared library C:\Users\vanhi\.vscode\extensions\redhat.java-1.46.0-win32-x64\jre\21.0.8-win32-x86_64\bin\jimage.dll
Event: 0.980 Loaded shared library c:\Users\vanhi\.vscode\extensions\redhat.java-1.46.0-win32-x64\jre\21.0.8-win32-x86_64\bin\verify.dll
Event: 25.635 Loaded shared library C:\Users\vanhi\AppData\Roaming\Code\User\globalStorage\redhat.java\1.46.0\config_win\org.eclipse.equinox.launcher\org.eclipse.equinox.launcher.win32.win32.x86_64_1.2.1400.v20250801-0854\eclipse_11916.dll
Event: 47.974 Loaded shared library C:\Users\vanhi\AppData\Local\Temp\jna-111974244\jna10078479103968727430.dll
Event: 51.931 Loaded shared library C:\Users\vanhi\.vscode\extensions\redhat.java-1.46.0-win32-x64\jre\21.0.8-win32-x86_64\bin\sunmscapi.dll
Event: 53.060 Loaded shared library C:\Users\vanhi\.vscode\extensions\redhat.java-1.46.0-win32-x64\jre\21.0.8-win32-x86_64\bin\extnet.dll

Deoptimization events (20 events):
Event: 83.125 Thread 0x0000022d786c5fd0 Uncommon trap: trap_request=0xffffff6e fr.pc=0x0000022d252ae60c relative=0x0000000000002c2c
Event: 83.125 Thread 0x0000022d786c5fd0 Uncommon trap: reason=loop_limit_check action=maybe_recompile pc=0x0000022d252ae60c method=com.google.inject.spi.InjectionPoint.getInjectionPoints(Lcom/google/inject/TypeLiteral;ZLcom/google/inject/internal/Errors;)Ljava/util/Set; @ 34 c2
Event: 83.125 Thread 0x0000022d786c5fd0 DEOPT PACKING pc=0x0000022d252ae60c sp=0x0000007eb78fb530
Event: 83.125 Thread 0x0000022d786c5fd0 DEOPT UNPACKING pc=0x0000022d24833aa2 sp=0x0000007eb78fb4f0 mode 2
Event: 83.344 Thread 0x0000022d786c5fd0 Uncommon trap: trap_request=0xffffff45 fr.pc=0x0000022d252a8770 relative=0x00000000000012b0
Event: 83.344 Thread 0x0000022d786c5fd0 Uncommon trap: reason=unstable_if action=reinterpret pc=0x0000022d252a8770 method=java.util.regex.Pattern.atom()Ljava/util/regex/Pattern$Node; @ 393 c2
Event: 83.345 Thread 0x0000022d786c5fd0 DEOPT PACKING pc=0x0000022d252a8770 sp=0x0000007eb78fd110
Event: 83.345 Thread 0x0000022d786c5fd0 DEOPT UNPACKING pc=0x0000022d24833aa2 sp=0x0000007eb78fd0e0 mode 2
Event: 83.345 Thread 0x0000022d786c5fd0 Uncommon trap: trap_request=0xffffff3d fr.pc=0x0000022d252510cc relative=0x000000000000034c
Event: 83.345 Thread 0x0000022d786c5fd0 Uncommon trap: reason=unstable_fused_if action=reinterpret pc=0x0000022d252510cc method=java.util.regex.Pattern.closure(Ljava/util/regex/Pattern$Node;)Ljava/util/regex/Pattern$Node; @ 6 c2
Event: 83.345 Thread 0x0000022d786c5fd0 DEOPT PACKING pc=0x0000022d252510cc sp=0x0000007eb78fd2c0
Event: 83.345 Thread 0x0000022d786c5fd0 DEOPT UNPACKING pc=0x0000022d24833aa2 sp=0x0000007eb78fd250 mode 2
Event: 83.345 Thread 0x0000022d786c5fd0 Uncommon trap: trap_request=0xffffff45 fr.pc=0x0000022d25257b68 relative=0x0000000000000c08
Event: 83.345 Thread 0x0000022d786c5fd0 Uncommon trap: reason=unstable_if action=reinterpret pc=0x0000022d25257b68 method=java.util.regex.Pattern.closure(Ljava/util/regex/Pattern$Node;)Ljava/util/regex/Pattern$Node; @ 6 c2
Event: 83.345 Thread 0x0000022d786c5fd0 DEOPT PACKING pc=0x0000022d25257b68 sp=0x0000007eb78fd1b0
Event: 83.345 Thread 0x0000022d786c5fd0 DEOPT UNPACKING pc=0x0000022d24833aa2 sp=0x0000007eb78fd0b8 mode 2
Event: 83.369 Thread 0x0000022d786c5fd0 Uncommon trap: trap_request=0xffffff45 fr.pc=0x0000022d253166b4 relative=0x0000000000000174
Event: 83.369 Thread 0x0000022d786c5fd0 Uncommon trap: reason=unstable_if action=reinterpret pc=0x0000022d253166b4 method=java.util.regex.Pattern$Branch.match(Ljava/util/regex/Matcher;ILjava/lang/CharSequence;)Z @ 35 c2
Event: 83.369 Thread 0x0000022d786c5fd0 DEOPT PACKING pc=0x0000022d253166b4 sp=0x0000007eb78fd790
Event: 83.369 Thread 0x0000022d786c5fd0 DEOPT UNPACKING pc=0x0000022d24833aa2 sp=0x0000007eb78fd728 mode 2

Classes loaded (20 events):
Event: 74.977 Loading class java/lang/invoke/MethodHandleImpl$CountingWrapper$1
Event: 74.979 Loading class java/lang/invoke/MethodHandleImpl$CountingWrapper$1 done
Event: 75.374 Loading class java/util/WeakHashMap$KeyIterator
Event: 75.377 Loading class java/util/WeakHashMap$KeyIterator done
Event: 81.466 Loading class java/lang/UnsupportedClassVersionError
Event: 81.467 Loading class java/lang/UnsupportedClassVersionError done
Event: 83.081 Loading class java/util/stream/DistinctOps
Event: 83.081 Loading class java/util/stream/DistinctOps done
Event: 83.082 Loading class java/util/stream/DistinctOps$1
Event: 83.082 Loading class java/util/stream/DistinctOps$1 done
Event: 83.107 Loading class java/util/stream/DistinctOps$1$2
Event: 83.108 Loading class java/util/stream/DistinctOps$1$2 done
Event: 83.162 Loading class java/util/Collections$SynchronizedRandomAccessList
Event: 83.163 Loading class java/util/Collections$SynchronizedList
Event: 83.164 Loading class java/util/Collections$SynchronizedList done
Event: 83.164 Loading class java/util/Collections$SynchronizedRandomAccessList done
Event: 83.211 Loading class java/util/concurrent/CompletableFuture$Signaller
Event: 83.213 Loading class java/util/concurrent/CompletableFuture$Signaller done
Event: 83.286 Loading class java/util/Hashtable$ValueCollection
Event: 83.287 Loading class java/util/Hashtable$ValueCollection done

Classes unloaded (7 events):
Event: 48.998 Thread 0x0000022d17d25180 Unloading class 0x0000022d321b5000 'java/lang/invoke/LambdaForm$MH+0x0000022d321b5000'
Event: 48.999 Thread 0x0000022d17d25180 Unloading class 0x0000022d321b4c00 'java/lang/invoke/LambdaForm$MH+0x0000022d321b4c00'
Event: 48.999 Thread 0x0000022d17d25180 Unloading class 0x0000022d321b4800 'java/lang/invoke/LambdaForm$MH+0x0000022d321b4800'
Event: 48.999 Thread 0x0000022d17d25180 Unloading class 0x0000022d321b4400 'java/lang/invoke/LambdaForm$MH+0x0000022d321b4400'
Event: 48.999 Thread 0x0000022d17d25180 Unloading class 0x0000022d321b4000 'java/lang/invoke/LambdaForm$BMH+0x0000022d321b4000'
Event: 48.999 Thread 0x0000022d17d25180 Unloading class 0x0000022d321b3c00 'java/lang/invoke/LambdaForm$DMH+0x0000022d321b3c00'
Event: 48.999 Thread 0x0000022d17d25180 Unloading class 0x0000022d321b2800 'java/lang/invoke/LambdaForm$DMH+0x0000022d321b2800'

Classes redefined (0 events):
No events

Internal exceptions (20 events):
Event: 81.396 Thread 0x0000022d786c8dc0 Exception <a 'sun/nio/fs/WindowsException'{0x00000000d5d064a0}> (0x00000000d5d064a0) 
thrown [s\src\hotspot\share\prims\jni.cpp, line 520]
Event: 81.505 Thread 0x0000022d786c8dc0 Exception <a 'java/lang/NoSuchMethodError'{0x00000000d5f8a328}: 'int java.lang.invoke.Invokers$Holder.invokeExact_MT(java.lang.Object, java.lang.Object)'> (0x00000000d5f8a328) 
thrown [s\src\hotspot\share\interpreter\linkResolver.cpp, line 773]
Event: 81.760 Thread 0x0000022d786c8dc0 Exception <a 'sun/nio/fs/WindowsException'{0x00000000d62b3a28}> (0x00000000d62b3a28) 
thrown [s\src\hotspot\share\prims\jni.cpp, line 520]
Event: 81.764 Thread 0x0000022d786c8dc0 Exception <a 'sun/nio/fs/WindowsException'{0x00000000d62b92d0}> (0x00000000d62b92d0) 
thrown [s\src\hotspot\share\prims\jni.cpp, line 520]
Event: 81.774 Thread 0x0000022d786c8dc0 Exception <a 'sun/nio/fs/WindowsException'{0x00000000d62e07a8}> (0x00000000d62e07a8) 
thrown [s\src\hotspot\share\prims\jni.cpp, line 520]
Event: 81.807 Thread 0x0000022d786c8dc0 Exception <a 'sun/nio/fs/WindowsException'{0x00000000d634f710}> (0x00000000d634f710) 
thrown [s\src\hotspot\share\prims\jni.cpp, line 520]
Event: 81.818 Thread 0x0000022d786c8dc0 Exception <a 'sun/nio/fs/WindowsException'{0x00000000d6364200}> (0x00000000d6364200) 
thrown [s\src\hotspot\share\prims\jni.cpp, line 520]
Event: 81.827 Thread 0x0000022d786c8dc0 Exception <a 'sun/nio/fs/WindowsException'{0x00000000d6370698}> (0x00000000d6370698) 
thrown [s\src\hotspot\share\prims\jni.cpp, line 520]
Event: 81.828 Thread 0x0000022d786c8dc0 Exception <a 'sun/nio/fs/WindowsException'{0x00000000d6370cc8}> (0x00000000d6370cc8) 
thrown [s\src\hotspot\share\prims\jni.cpp, line 520]
Event: 81.828 Thread 0x0000022d786c8dc0 Exception <a 'sun/nio/fs/WindowsException'{0x00000000d6371670}> (0x00000000d6371670) 
thrown [s\src\hotspot\share\prims\jni.cpp, line 520]
Event: 81.828 Thread 0x0000022d786c8dc0 Exception <a 'sun/nio/fs/WindowsException'{0x00000000d6371ca0}> (0x00000000d6371ca0) 
thrown [s\src\hotspot\share\prims\jni.cpp, line 520]
Event: 81.846 Thread 0x0000022d786c8dc0 Exception <a 'sun/nio/fs/WindowsException'{0x00000000d639e960}> (0x00000000d639e960) 
thrown [s\src\hotspot\share\prims\jni.cpp, line 520]
Event: 81.858 Thread 0x0000022d786c8dc0 Exception <a 'sun/nio/fs/WindowsException'{0x00000000d63c06f8}> (0x00000000d63c06f8) 
thrown [s\src\hotspot\share\prims\jni.cpp, line 520]
Event: 81.861 Thread 0x0000022d786c8dc0 Exception <a 'java/io/FileNotFoundException'{0x00000000d63c6918}> (0x00000000d63c6918) 
thrown [s\src\hotspot\share\prims\jni.cpp, line 520]
Event: 81.862 Thread 0x0000022d786c8dc0 Exception <a 'java/io/FileNotFoundException'{0x00000000d63c7930}> (0x00000000d63c7930) 
thrown [s\src\hotspot\share\prims\jni.cpp, line 520]
Event: 81.883 Thread 0x0000022d786c8dc0 Exception <a 'sun/nio/fs/WindowsException'{0x00000000d6409af0}> (0x00000000d6409af0) 
thrown [s\src\hotspot\share\prims\jni.cpp, line 520]
Event: 81.930 Thread 0x0000022d786c8dc0 Exception <a 'sun/nio/fs/WindowsException'{0x00000000d64652a8}> (0x00000000d64652a8) 
thrown [s\src\hotspot\share\prims\jni.cpp, line 520]
Event: 82.004 Thread 0x0000022d786c8dc0 Exception <a 'sun/nio/fs/WindowsException'{0x00000000d6513e58}> (0x00000000d6513e58) 
thrown [s\src\hotspot\share\prims\jni.cpp, line 520]
Event: 83.087 Thread 0x0000022d786c52b0 Exception <a 'sun/nio/fs/WindowsException'{0x00000000d567c9f0}> (0x00000000d567c9f0) 
thrown [s\src\hotspot\share\prims\jni.cpp, line 520]
Event: 83.087 Thread 0x0000022d786c52b0 Exception <a 'sun/nio/fs/WindowsException'{0x00000000d567cd58}> (0x00000000d567cd58) 
thrown [s\src\hotspot\share\prims\jni.cpp, line 520]

ZGC Phase Switch (0 events):
No events

VM Operations (20 events):
Event: 80.125 Executing VM operation: ParallelGCFailedAllocation (Allocation Failure) done
Event: 80.699 Executing VM operation: ParallelGCFailedAllocation (Allocation Failure)
Event: 80.701 Executing VM operation: ParallelGCFailedAllocation (Allocation Failure) done
Event: 81.160 Executing VM operation: ParallelGCFailedAllocation (Allocation Failure)
Event: 81.162 Executing VM operation: ParallelGCFailedAllocation (Allocation Failure) done
Event: 82.062 Executing VM operation: ParallelGCFailedAllocation (Allocation Failure)
Event: 83.075 Executing VM operation: ParallelGCFailedAllocation (Allocation Failure) done
Event: 83.085 Executing VM operation: HandshakeAllThreads (Deoptimize)
Event: 83.085 Executing VM operation: HandshakeAllThreads (Deoptimize) done
Event: 83.093 Executing VM operation: HandshakeAllThreads (Deoptimize)
Event: 83.106 Executing VM operation: HandshakeAllThreads (Deoptimize) done
Event: 83.145 Executing VM operation: HandshakeAllThreads (Deoptimize)
Event: 83.145 Executing VM operation: HandshakeAllThreads (Deoptimize) done
Event: 83.150 Executing VM operation: HandshakeAllThreads (Deoptimize)
Event: 83.151 Executing VM operation: HandshakeAllThreads (Deoptimize) done
Event: 83.171 Executing VM operation: HandshakeAllThreads (Deoptimize)
Event: 83.171 Executing VM operation: HandshakeAllThreads (Deoptimize) done
Event: 83.247 Executing VM operation: HandshakeAllThreads (Deoptimize)
Event: 83.262 Executing VM operation: HandshakeAllThreads (Deoptimize) done
Event: 84.270 Executing VM operation: Cleanup

Memory protections (0 events):
No events

Nmethod flushes (20 events):
Event: 62.395 Thread 0x0000022d17d25180 flushing  nmethod 0x0000022d1dc5df90
Event: 62.395 Thread 0x0000022d17d25180 flushing osr nmethod 0x0000022d1dc62010
Event: 62.395 Thread 0x0000022d17d25180 flushing osr nmethod 0x0000022d1dc63d10
Event: 62.395 Thread 0x0000022d17d25180 flushing  nmethod 0x0000022d1dc95d10
Event: 62.395 Thread 0x0000022d17d25180 flushing  nmethod 0x0000022d1dc96a10
Event: 62.395 Thread 0x0000022d17d25180 flushing osr nmethod 0x0000022d1dcadb90
Event: 62.395 Thread 0x0000022d17d25180 flushing osr nmethod 0x0000022d1dcba690
Event: 62.395 Thread 0x0000022d17d25180 flushing  nmethod 0x0000022d1dcbc410
Event: 62.395 Thread 0x0000022d17d25180 flushing  nmethod 0x0000022d1dcd0a10
Event: 62.395 Thread 0x0000022d17d25180 flushing  nmethod 0x0000022d1dce4410
Event: 62.395 Thread 0x0000022d17d25180 flushing  nmethod 0x0000022d1dce8590
Event: 62.395 Thread 0x0000022d17d25180 flushing  nmethod 0x0000022d1dd0b710
Event: 62.395 Thread 0x0000022d17d25180 flushing  nmethod 0x0000022d1dd0bd10
Event: 62.395 Thread 0x0000022d17d25180 flushing  nmethod 0x0000022d1dd12610
Event: 62.395 Thread 0x0000022d17d25180 flushing  nmethod 0x0000022d1dd19e10
Event: 62.395 Thread 0x0000022d17d25180 flushing  nmethod 0x0000022d1dd20310
Event: 62.395 Thread 0x0000022d17d25180 flushing  nmethod 0x0000022d1dd20690
Event: 62.395 Thread 0x0000022d17d25180 flushing  nmethod 0x0000022d1dd20b10
Event: 62.395 Thread 0x0000022d17d25180 flushing  nmethod 0x0000022d1dd22090
Event: 62.395 Thread 0x0000022d17d25180 flushing  nmethod 0x0000022d1dd6f610

Events (20 events):
Event: 73.216 Thread 0x0000022d795c11c0 Thread exited: 0x0000022d795c11c0
Event: 73.410 Thread 0x0000022d72e72240 Thread added: 0x0000022d795c11c0
Event: 74.783 Thread 0x0000022d78c5f0f0 Thread exited: 0x0000022d78c5f0f0
Event: 74.784 Thread 0x0000022d7b9cdbc0 Thread exited: 0x0000022d7b9cdbc0
Event: 74.785 Thread 0x0000022d7b9d16d0 Thread exited: 0x0000022d7b9d16d0
Event: 74.787 Thread 0x0000022d7b9d1d60 Thread exited: 0x0000022d7b9d1d60
Event: 74.788 Thread 0x0000022d78c5e3d0 Thread exited: 0x0000022d78c5e3d0
Event: 74.789 Thread 0x0000022d7b9cd530 Thread exited: 0x0000022d7b9cd530
Event: 74.795 Thread 0x0000022d78c5d6b0 Thread exited: 0x0000022d78c5d6b0
Event: 74.801 Thread 0x0000022d7b9d1040 Thread exited: 0x0000022d7b9d1040
Event: 74.815 Thread 0x0000022d786c52b0 Thread added: 0x0000022d78c5ea60
Event: 74.818 Thread 0x0000022d795c11c0 Thread exited: 0x0000022d795c11c0
Event: 75.063 Thread 0x0000022d72e72240 Thread added: 0x0000022d795c11c0
Event: 75.139 Thread 0x0000022d7b9d2a80 Thread exited: 0x0000022d7b9d2a80
Event: 75.140 Thread 0x0000022d7b9d0320 Thread exited: 0x0000022d7b9d0320
Event: 75.140 Thread 0x0000022d7b9ce250 Thread exited: 0x0000022d7b9ce250
Event: 75.164 Thread 0x0000022d7b9d23f0 Thread exited: 0x0000022d7b9d23f0
Event: 75.211 Thread 0x0000022d78c5ea60 Thread added: 0x0000022d78c5bc70
Event: 75.886 Thread 0x0000022d795c11c0 Thread exited: 0x0000022d795c11c0
Event: 81.521 Thread 0x0000022d1a16e0e0 Thread added: 0x0000022d7d87c8e0


Dynamic libraries:
0x00007ff6f6e60000 - 0x00007ff6f6e6e000 	c:\Users\vanhi\.vscode\extensions\redhat.java-1.46.0-win32-x64\jre\21.0.8-win32-x86_64\bin\java.exe
0x00007ffe810a0000 - 0x00007ffe81309000 	C:\WINDOWS\SYSTEM32\ntdll.dll
0x00007ffe80550000 - 0x00007ffe80619000 	C:\WINDOWS\System32\KERNEL32.DLL
0x00007ffe7e230000 - 0x00007ffe7e623000 	C:\WINDOWS\System32\KERNELBASE.dll
0x00007ffe75ef0000 - 0x00007ffe75f08000 	c:\Users\vanhi\.vscode\extensions\redhat.java-1.46.0-win32-x64\jre\21.0.8-win32-x86_64\bin\jli.dll
0x00007ffe71bd0000 - 0x00007ffe71bee000 	c:\Users\vanhi\.vscode\extensions\redhat.java-1.46.0-win32-x64\jre\21.0.8-win32-x86_64\bin\VCRUNTIME140.dll
0x00007ffe7e930000 - 0x00007ffe7ea7b000 	C:\WINDOWS\System32\ucrtbase.dll
0x00007ffe808d0000 - 0x00007ffe80a94000 	C:\WINDOWS\System32\USER32.dll
0x00007ffe6b440000 - 0x00007ffe6b6d3000 	C:\WINDOWS\WinSxS\amd64_microsoft.windows.common-controls_6595b64144ccf1df_6.0.26100.5074_none_3e0d6f78e32fd63f\COMCTL32.dll
0x00007ffe80420000 - 0x00007ffe804c9000 	C:\WINDOWS\System32\msvcrt.dll
0x00007ffe7e900000 - 0x00007ffe7e927000 	C:\WINDOWS\System32\win32u.dll
0x00007ffe800a0000 - 0x00007ffe800cb000 	C:\WINDOWS\System32\GDI32.dll
0x00007ffe7eb30000 - 0x00007ffe7ec5d000 	C:\WINDOWS\System32\gdi32full.dll
0x00007ffe7ea80000 - 0x00007ffe7eb23000 	C:\WINDOWS\System32\msvcp_win.dll
0x00007ffe80e90000 - 0x00007ffe80ebf000 	C:\WINDOWS\System32\IMM32.DLL
0x00007ffe75ed0000 - 0x00007ffe75edc000 	c:\Users\vanhi\.vscode\extensions\redhat.java-1.46.0-win32-x64\jre\21.0.8-win32-x86_64\bin\vcruntime140_1.dll
0x00007ffe5bd50000 - 0x00007ffe5bddd000 	c:\Users\vanhi\.vscode\extensions\redhat.java-1.46.0-win32-x64\jre\21.0.8-win32-x86_64\bin\msvcp140.dll
0x00007ffdd2310000 - 0x00007ffdd30a7000 	c:\Users\vanhi\.vscode\extensions\redhat.java-1.46.0-win32-x64\jre\21.0.8-win32-x86_64\bin\server\jvm.dll
0x00007ffe80150000 - 0x00007ffe80204000 	C:\WINDOWS\System32\ADVAPI32.dll
0x00007ffe80f30000 - 0x00007ffe80fd6000 	C:\WINDOWS\System32\sechost.dll
0x00007ffe7f950000 - 0x00007ffe7fa68000 	C:\WINDOWS\System32\RPCRT4.dll
0x00007ffe800d0000 - 0x00007ffe80144000 	C:\WINDOWS\System32\WS2_32.dll
0x00007ffe7e090000 - 0x00007ffe7e0ee000 	C:\WINDOWS\SYSTEM32\POWRPROF.dll
0x00007ffe73f60000 - 0x00007ffe73f6b000 	C:\WINDOWS\SYSTEM32\VERSION.dll
0x00007ffe73f20000 - 0x00007ffe73f55000 	C:\WINDOWS\SYSTEM32\WINMM.dll
0x00007ffe7e070000 - 0x00007ffe7e084000 	C:\WINDOWS\SYSTEM32\UMPDC.dll
0x00007ffe7cfd0000 - 0x00007ffe7cfeb000 	C:\WINDOWS\SYSTEM32\kernel.appcore.dll
0x00007ffe75d10000 - 0x00007ffe75d1a000 	c:\Users\vanhi\.vscode\extensions\redhat.java-1.46.0-win32-x64\jre\21.0.8-win32-x86_64\bin\jimage.dll
0x00007ffe7b9e0000 - 0x00007ffe7bc22000 	C:\WINDOWS\SYSTEM32\DBGHELP.DLL
0x00007ffe7ee70000 - 0x00007ffe7f1eb000 	C:\WINDOWS\System32\combase.dll
0x00007ffe7fa70000 - 0x00007ffe7fb47000 	C:\WINDOWS\System32\OLEAUT32.dll
0x00007ffe6b0d0000 - 0x00007ffe6b10d000 	C:\WINDOWS\SYSTEM32\dbgcore.DLL
0x00007ffe7e6f0000 - 0x00007ffe7e789000 	C:\WINDOWS\System32\bcryptPrimitives.dll
0x00007ffe74b20000 - 0x00007ffe74b2f000 	c:\Users\vanhi\.vscode\extensions\redhat.java-1.46.0-win32-x64\jre\21.0.8-win32-x86_64\bin\instrument.dll
0x00007ffe71980000 - 0x00007ffe7199f000 	c:\Users\vanhi\.vscode\extensions\redhat.java-1.46.0-win32-x64\jre\21.0.8-win32-x86_64\bin\java.dll
0x00007ffe7f200000 - 0x00007ffe7f94d000 	C:\WINDOWS\System32\SHELL32.dll
0x00007ffe7e790000 - 0x00007ffe7e8fc000 	C:\WINDOWS\System32\wintypes.dll
0x00007ffe7be60000 - 0x00007ffe7c6b9000 	C:\WINDOWS\SYSTEM32\windows.storage.dll
0x00007ffe80320000 - 0x00007ffe80410000 	C:\WINDOWS\System32\SHCORE.dll
0x00007ffe80ac0000 - 0x00007ffe80b22000 	C:\WINDOWS\System32\shlwapi.dll
0x00007ffe7e150000 - 0x00007ffe7e179000 	C:\WINDOWS\SYSTEM32\profapi.dll
0x00007ffe715d0000 - 0x00007ffe715e8000 	c:\Users\vanhi\.vscode\extensions\redhat.java-1.46.0-win32-x64\jre\21.0.8-win32-x86_64\bin\zip.dll
0x00007ffe718d0000 - 0x00007ffe718e0000 	C:\Users\vanhi\.vscode\extensions\redhat.java-1.46.0-win32-x64\jre\21.0.8-win32-x86_64\bin\net.dll
0x00007ffe762a0000 - 0x00007ffe763bf000 	C:\WINDOWS\SYSTEM32\WINHTTP.dll
0x00007ffe7d530000 - 0x00007ffe7d59b000 	C:\WINDOWS\system32\mswsock.dll
0x00007ffe6e400000 - 0x00007ffe6e416000 	C:\Users\vanhi\.vscode\extensions\redhat.java-1.46.0-win32-x64\jre\21.0.8-win32-x86_64\bin\nio.dll
0x00007ffe71660000 - 0x00007ffe71670000 	c:\Users\vanhi\.vscode\extensions\redhat.java-1.46.0-win32-x64\jre\21.0.8-win32-x86_64\bin\verify.dll
0x00007ffe63360000 - 0x00007ffe633a4000 	C:\Users\vanhi\AppData\Roaming\Code\User\globalStorage\redhat.java\1.46.0\config_win\org.eclipse.equinox.launcher\org.eclipse.equinox.launcher.win32.win32.x86_64_1.2.1400.v20250801-0854\eclipse_11916.dll
0x00007ffe80720000 - 0x00007ffe808b8000 	C:\WINDOWS\System32\ole32.dll
0x00007ffe7d900000 - 0x00007ffe7d91b000 	C:\WINDOWS\SYSTEM32\CRYPTSP.dll
0x00007ffe7cf30000 - 0x00007ffe7cf6b000 	C:\WINDOWS\system32\rsaenh.dll
0x00007ffe7d5d0000 - 0x00007ffe7d5fb000 	C:\WINDOWS\SYSTEM32\USERENV.dll
0x00007ffe7e120000 - 0x00007ffe7e146000 	C:\WINDOWS\SYSTEM32\bcrypt.dll
0x00007ffe7d760000 - 0x00007ffe7d76c000 	C:\WINDOWS\SYSTEM32\CRYPTBASE.dll
0x00007ffe7c9d0000 - 0x00007ffe7ca04000 	C:\WINDOWS\SYSTEM32\IPHLPAPI.DLL
0x00007ffe80ab0000 - 0x00007ffe80aba000 	C:\WINDOWS\System32\NSI.dll
0x00007ffe373f0000 - 0x00007ffe37439000 	C:\Users\vanhi\AppData\Local\Temp\jna-111974244\jna10078479103968727430.dll
0x00007ffe80aa0000 - 0x00007ffe80aa8000 	C:\WINDOWS\System32\PSAPI.DLL
0x00007ffe76140000 - 0x00007ffe7615e000 	C:\WINDOWS\SYSTEM32\dhcpcsvc6.DLL
0x00007ffe75c90000 - 0x00007ffe75cb3000 	C:\WINDOWS\SYSTEM32\dhcpcsvc.DLL
0x00007ffe79180000 - 0x00007ffe7918e000 	C:\Users\vanhi\.vscode\extensions\redhat.java-1.46.0-win32-x64\jre\21.0.8-win32-x86_64\bin\sunmscapi.dll
0x00007ffe7ec60000 - 0x00007ffe7edd7000 	C:\WINDOWS\System32\CRYPT32.dll
0x00007ffe7da50000 - 0x00007ffe7da80000 	C:\WINDOWS\SYSTEM32\ncrypt.dll
0x00007ffe7da00000 - 0x00007ffe7da3f000 	C:\WINDOWS\SYSTEM32\NTASN1.dll
0x00007ffe7ca10000 - 0x00007ffe7cb36000 	C:\WINDOWS\SYSTEM32\DNSAPI.dll
0x00007ffe71b70000 - 0x00007ffe71b7b000 	C:\Windows\System32\rasadhlp.dll
0x00007ffe74480000 - 0x00007ffe74506000 	C:\WINDOWS\System32\fwpuclnt.dll
0x00007ffe79170000 - 0x00007ffe79179000 	C:\Users\vanhi\.vscode\extensions\redhat.java-1.46.0-win32-x64\jre\21.0.8-win32-x86_64\bin\extnet.dll

JVMTI agents:
c:\Users\vanhi\.vscode\extensions\redhat.java-1.46.0-win32-x64\lombok\lombok-1.18.39-4050.jar path:c:\Users\vanhi\.vscode\extensions\redhat.java-1.46.0-win32-x64\jre\21.0.8-win32-x86_64\bin\instrument.dll, loaded, initialized, instrumentlib options:none

dbghelp: loaded successfully - version: 4.0.5 - missing functions: none
symbol engine: initialized successfully - sym options: 0x614 - pdb path: .;c:\Users\vanhi\.vscode\extensions\redhat.java-1.46.0-win32-x64\jre\21.0.8-win32-x86_64\bin;C:\WINDOWS\SYSTEM32;C:\WINDOWS\WinSxS\amd64_microsoft.windows.common-controls_6595b64144ccf1df_6.0.26100.5074_none_3e0d6f78e32fd63f;c:\Users\vanhi\.vscode\extensions\redhat.java-1.46.0-win32-x64\jre\21.0.8-win32-x86_64\bin\server;C:\Users\vanhi\AppData\Roaming\Code\User\globalStorage\redhat.java\1.46.0\config_win\org.eclipse.equinox.launcher\org.eclipse.equinox.launcher.win32.win32.x86_64_1.2.1400.v20250801-0854;C:\Users\vanhi\AppData\Local\Temp\jna-111974244

VM Arguments:
jvm_args: --add-modules=ALL-SYSTEM --add-opens=java.base/java.util=ALL-UNNAMED --add-opens=java.base/java.lang=ALL-UNNAMED --add-opens=java.base/sun.nio.fs=ALL-UNNAMED -Declipse.application=org.eclipse.jdt.ls.core.id1 -Dosgi.bundles.defaultStartLevel=4 -Declipse.product=org.eclipse.jdt.ls.core.product -Djava.import.generatesMetadataFilesAtProjectRoot=false -DDetectVMInstallationsJob.disabled=true -Dfile.encoding=utf8 -XX:+UseParallelGC -XX:GCTimeRatio=4 -XX:AdaptiveSizePolicyWeight=90 -Dsun.zip.disableMemoryMapping=true -Xmx2G -Xms100m -Xlog:disable -javaagent:c:\Users\vanhi\.vscode\extensions\redhat.java-1.46.0-win32-x64\lombok\lombok-1.18.39-4050.jar -XX:+HeapDumpOnOutOfMemoryError -XX:HeapDumpPath=c:\Users\vanhi\AppData\Roaming\Code\User\workspaceStorage\46211053606f5662924563449c5ce5d1\redhat.java -Daether.dependencyCollector.impl=bf 
java_command: c:\Users\vanhi\.vscode\extensions\redhat.java-1.46.0-win32-x64\server\plugins\org.eclipse.equinox.launcher_1.7.0.v20250519-0528.jar -configuration c:\Users\vanhi\AppData\Roaming\Code\User\globalStorage\redhat.java\1.46.0\config_win -data c:\Users\vanhi\AppData\Roaming\Code\User\workspaceStorage\46211053606f5662924563449c5ce5d1\redhat.java\jdt_ws --pipe=\\.\pipe\lsp-53ae12b214a4580a1f45aee95a18d303-sock
java_class_path (initial): c:\Users\vanhi\.vscode\extensions\redhat.java-1.46.0-win32-x64\server\plugins\org.eclipse.equinox.launcher_1.7.0.v20250519-0528.jar
Launcher Type: SUN_STANDARD

[Global flags]
    uintx AdaptiveSizePolicyWeight                 = 90                                        {product} {command line}
     intx CICompilerCount                          = 4                                         {product} {ergonomic}
    uintx GCTimeRatio                              = 4                                         {product} {command line}
     bool HeapDumpOnOutOfMemoryError               = true                                   {manageable} {command line}
    ccstr HeapDumpPath                             = c:\Users\vanhi\AppData\Roaming\Code\User\workspaceStorage\46211053606f5662924563449c5ce5d1\redhat.java         {manageable} {command line}
   size_t InitialHeapSize                          = 104857600                                 {product} {command line}
   size_t MaxHeapSize                              = 2147483648                                {product} {command line}
   size_t MaxNewSize                               = 715653120                                 {product} {ergonomic}
   size_t MinHeapDeltaBytes                        = 524288                                    {product} {ergonomic}
   size_t MinHeapSize                              = 104857600                                 {product} {command line}
   size_t NewSize                                  = 34603008                                  {product} {ergonomic}
    uintx NonNMethodCodeHeapSize                   = 5839372                                {pd product} {ergonomic}
    uintx NonProfiledCodeHeapSize                  = 122909434                              {pd product} {ergonomic}
   size_t OldSize                                  = 70254592                                  {product} {ergonomic}
    uintx ProfiledCodeHeapSize                     = 122909434                              {pd product} {ergonomic}
    uintx ReservedCodeCacheSize                    = 251658240                              {pd product} {ergonomic}
     bool SegmentedCodeCache                       = true                                      {product} {ergonomic}
   size_t SoftMaxHeapSize                          = 2147483648                             {manageable} {ergonomic}
     bool UseCompressedOops                        = true                           {product lp64_product} {ergonomic}
     bool UseLargePagesIndividualAllocation        = false                                  {pd product} {ergonomic}
     bool UseParallelGC                            = true                                      {product} {command line}

Logging:
Log output configuration:
 #0: stdout all=off uptime,level,tags foldmultilines=false
 #1: stderr all=off uptime,level,tags foldmultilines=false

Environment Variables:
JAVA_HOME=C:\Program Files\Java\jdk-22
PATH=C:\Program Files\Common Files\Oracle\Java\javapath;C:\Program Files (x86)\VMware\VMware Workstation\bin\;C:\Python312\Scripts\;C:\Python312\;C:\WINDOWS\system32;C:\WINDOWS;C:\WINDOWS\System32\Wbem;C:\WINDOWS\System32\WindowsPowerShell\v1.0\;C:\WINDOWS\System32\OpenSSH\;C:\ProgramData\chocolatey\bin;C:\Program Files\dotnet\;C:\Program Files\Java\jdk-22\bin;C:\Program Files (x86)\Microsoft SQL Server\160\Tools\Binn\;C:\Program Files\Microsoft SQL Server\160\Tools\Binn\;C:\Program Files\Microsoft SQL Server\Client SDK\ODBC\170\Tools\Binn\;C:\Program Files\Microsoft SQL Server\160\DTS\Binn\;C:\Program Files (x86)\Microsoft SQL Server\160\DTS\Binn\;C:\Program Files\Git\cmd;C:\Program Files\nodejs;C:\Program Files\nodejs\;C:\Program Files\Microsoft SQL Server\150\Tools\Binn\;D:\xampp\php;D:\composer;C:\Program Files\MongoDB\Server\8.0\bin;D:\mongosh-2.5.0-win32-x64\bin;C:\Program Files\Docker\Docker\resources\bin;C:\Program Files\Java\jdk-22\bin;D:\apache-maven-3.9.11\bin;C:\Program Files\MySQL\MySQL Server 8.0\bin;C:\Program Files\MySQL\MySQL Shell 8.0\bin\;C:\Users\vanhi\AppData\Local\Microsoft\WindowsApps;C:\Users\vanhi\AppData\Local\Programs\Microsoft VS Code\bin;C:\Users\vanhi\.dotnet\tools;C:\Program Files\JetBrains\IntelliJ IDEA Community Edition 2022.3\bin;;C:\Users\vanhi\AppData\Roaming\npm;C:\Users\vanhi\AppData\Roaming\Composer\vendor\bin
USERNAME=vanhi
OS=Windows_NT
PROCESSOR_IDENTIFIER=AMD64 Family 23 Model 104 Stepping 1, AuthenticAMD
TMP=C:\Users\vanhi\AppData\Local\Temp
TEMP=C:\Users\vanhi\AppData\Local\Temp




Periodic native trim disabled

---------------  S Y S T E M  ---------------

OS:
 Windows 11 , 64 bit Build 26100 (10.0.26100.5074)
OS uptime: 9 days 7:10 hours
Hyper-V role detected

CPU: total 12 (initial active 12) (12 cores per cpu, 2 threads per core) family 23 model 104 stepping 1 microcode 0x8608102, cx8, cmov, fxsr, ht, mmx, 3dnowpref, sse, sse2, sse3, ssse3, sse4a, sse4.1, sse4.2, popcnt, lzcnt, tsc, tscinvbit, avx, avx2, aes, clmul, bmi1, bmi2, adx, sha, fma, vzeroupper, clflush, clflushopt, hv, rdtscp, rdpid, f16c
Processor Information for the first 12 processors :
  Max Mhz: 2100, Current Mhz: 1686, Mhz Limit: 2100

Memory: 4k page, system-wide physical 7579M (504M free)
TotalPageFile size 22939M (AvailPageFile size 21M)
current process WorkingSet (physical memory assigned to process): 202M, peak: 283M
current process commit charge ("private bytes"): 369M, peak: 401M

vm_info: OpenJDK 64-Bit Server VM (21.0.8+9-LTS) for windows-amd64 JRE (21.0.8+9-LTS), built on 2025-07-15T00:00:00Z by "admin" with MS VC++ 17.7 (VS2022)

END.
